c:\users\nikita gusev\desktop\calc\calc\debug\vc140.pdb
c:\users\nikita gusev\desktop\calc\calc\debug\vc140.idb
c:\users\nikita gusev\desktop\calc\calc\debug\stack.obj
c:\users\nikita gusev\desktop\calc\calc\debug\source.obj
c:\users\nikita gusev\desktop\calc\debug\calc.pdb
c:\users\nikita gusev\desktop\calc\calc\debug\calc.tlog\cl.command.1.tlog
c:\users\nikita gusev\desktop\calc\calc\debug\calc.tlog\cl.read.1.tlog
c:\users\nikita gusev\desktop\calc\calc\debug\calc.tlog\cl.write.1.tlog
c:\users\nikita gusev\desktop\calc\calc\debug\calc.tlog\link-cvtres.read.1.tlog
c:\users\nikita gusev\desktop\calc\calc\debug\calc.tlog\link-cvtres.write.1.tlog
c:\users\nikita gusev\desktop\calc\calc\debug\calc.tlog\link-rc.read.1.tlog
c:\users\nikita gusev\desktop\calc\calc\debug\calc.tlog\link-rc.write.1.tlog
c:\users\nikita gusev\desktop\calc\calc\debug\calc.tlog\link.5700-cvtres.read.1.tlog
c:\users\nikita gusev\desktop\calc\calc\debug\calc.tlog\link.5700-cvtres.write.1.tlog
c:\users\nikita gusev\desktop\calc\calc\debug\calc.tlog\link.5700-rc.read.1.tlog
c:\users\nikita gusev\desktop\calc\calc\debug\calc.tlog\link.5700-rc.write.1.tlog
c:\users\nikita gusev\desktop\calc\calc\debug\calc.tlog\link.5700.read.1.tlog
c:\users\nikita gusev\desktop\calc\calc\debug\calc.tlog\link.5700.write.1.tlog
c:\users\nikita gusev\desktop\calc\calc\debug\calc.tlog\link.command.1.tlog
c:\users\nikita gusev\desktop\calc\calc\debug\calc.tlog\link.read.1.tlog
c:\users\nikita gusev\desktop\calc\calc\debug\calc.tlog\link.write.1.tlog
